#
# A fatal error has been detected by the Java Runtime Environment:
#
#  EXCEPTION_IN_PAGE_ERROR (0xc0000006) at pc=0x000000005af3cffd, pid=14104, tid=3924
#
# JRE version: Java(TM) SE Runtime Environment (9.0+181) (build 9+181)
# Java VM: Java HotSpot(TM) 64-Bit Server VM (9+181, mixed mode, tiered, compressed oops, g1 gc, windows-amd64)
# Problematic frame:
# V  [jvm.dll+0x5fcffd]
#
# No core dump will be written. Minidumps are not enabled by default on client versions of Windows
#
# If you would like to submit a bug report, please visit:
#   http://bugreport.java.com/bugreport/crash.jsp
#

---------------  S U M M A R Y ------------

Command Line: -XX:TieredStopAtLevel=1 -Xverify:none -Dspring.output.ansi.enabled=always -Dcom.sun.management.jmxremote -Dspring.liveBeansView.mbeanDomain -Dspring.application.admin.enabled=true -javaagent:D:\IntelliJ IDEA 2018.3.5\lib\idea_rt.jar=36771:D:\IntelliJ IDEA 2018.3.5\bin -Dfile.encoding=UTF-8 com.gz.springboot.demoquickstart.app

Host: Intel(R) Core(TM) i5-6300HQ CPU @ 2.30GHz, 4 cores, 11G,  Windows 10 , 64 bit Build 18362 (10.0.18362.86)
Time: Mon Aug 26 18:38:12 2019 ?D1¨²¡À¨º¡Á?¨º¡À?? elapsed time: 12881 seconds (0d 3h 34m 41s)

---------------  T H R E A D  ---------------

Current thread (0x0000022da93ec000):  JavaThread "Common-Cleaner" daemon [_thread_in_vm, id=3924, stack(0x000000a334d00000,0x000000a334e00000)]

Stack: [0x000000a334d00000,0x000000a334e00000],  sp=0x000000a334dfe4f0,  free space=1017k
Native frames: (J=compiled Java code, j=interpreted, Vv=VM code, C=native code)
V  [jvm.dll+0x5fcffd]
V  [jvm.dll+0x5f9653]
V  [jvm.dll+0x5ec0d8]
V  [jvm.dll+0x1f4bda]
V  [jvm.dll+0x1f4d5e]
V  [jvm.dll+0xa572a]
V  [jvm.dll+0x6007dd]
V  [jvm.dll+0xa51a9]
V  [jvm.dll+0x6008e7]
V  [jvm.dll+0x3376dd]
V  [jvm.dll+0x3374b5]
C  0x0000022d8f6898f5

Java frames: (J=compiled Java code, j=interpreted, Vv=VM code)
j  java.lang.Object.wait(J)V+0 java.base@9
J 1924 c1 java.lang.ref.ReferenceQueue.remove(J)Ljava/lang/ref/Reference; java.base@9 (125 bytes) @ 0x0000022d8ffde654 [0x0000022d8ffde400+0x0000000000000254]
j  jdk.internal.ref.CleanerImpl.run()V+65 java.base@9
j  java.lang.Thread.run()V+11 java.base@9
j  jdk.internal.misc.InnocuousThread.run()V+20 java.base@9
v  ~StubRoutines::call_stub

siginfo: EXCEPTION_IN_PAGE_ERROR (0xc0000006), data execution prevention violation at address 0x000000005af3d000


Register to memory mapping:

RIP=0x000000005af3cffd jvm.dll
RAX=0xffffffffffffffff is an unknown value
RBX=0x0000000000000002 is an unknown value
RCX=0x000000a334dfeb10 is pointing into the stack for thread: 0x0000022da93ec000
RDX=0x000000a334dfe550 is pointing into the stack for thread: 0x0000022da93ec000
RSP=0x000000a334dfe4f0 is pointing into the stack for thread: 0x0000022da93ec000
RBP=0x000000a334dfe579 is pointing into the stack for thread: 0x0000022da93ec000
RSI=0x0000000000000020 is an unknown value
RDI=0x0000000000000000 is an unknown value
R8 =0x0000000000000002 is an unknown value
R9 =0x000000000000001c is an unknown value
R10=0x0000000000000240 is an unknown value
R11=0x0000022da93d2980 is an unknown value
R12=0x000000005b0082d8 jvm.dll
R13=0x000000a334dfe7b0 is pointing into the stack for thread: 0x0000022da93ec000
R14=0x0000000000000002 is an unknown value
R15=0x000000a334dfeb10 is pointing into the stack for thread: 0x0000022da93ec000


Registers:
RAX=0xffffffffffffffff, RBX=0x0000000000000002, RCX=0x000000a334dfeb10, RDX=0x000000a334dfe550
RSP=0x000000a334dfe4f0, RBP=0x000000a334dfe579, RSI=0x0000000000000020, RDI=0x0000000000000000
R8 =0x0000000000000002, R9 =0x000000000000001c, R10=0x0000000000000240, R11=0x0000022da93d2980
R12=0x000000005b0082d8, R13=0x000000a334dfe7b0, R14=0x0000000000000002, R15=0x000000a334dfeb10
RIP=0x000000005af3cffd, EFLAGS=0x0000000000010202

Top of Stack: (sp=0x000000a334dfe4f0)
0x000000a334dfe4f0:   0000000000000002 0000000000000020
0x000000a334dfe500:   0000000000000000 0000000000000000
0x000000a334dfe510:   0000000000000004 ffffffffffffffff
0x000000a334dfe520:   00000020ffffffff 000000005b0082d8
0x000000a334dfe530:   0000000000000000 ffffffffffffffff
0x000000a334dfe540:   000000a334dfe5d0 000000005b0082d8
0x000000a334dfe550:   0000000000000004 ffffffffffffffff
0x000000a334dfe560:   00000020ffffffff 000000005b0082d8
0x000000a334dfe570:   0000000000000000 ffffffffffffffff
0x000000a334dfe580:   0000000000000000 000000005a9f4060
0x000000a334dfe590:   0000000000000010 0000000000000004
0x000000a334dfe5a0:   0000022da93d2830 00000000ffffffff
0x000000a334dfe5b0:   000000a334dfe6c0 000000005af39653
0x000000a334dfe5c0:   0000000000000001 000000a334dfeb10
0x000000a334dfe5d0:   0000000000000000 0000000000000001
0x000000a334dfe5e0:   000000a334dfe6f0 000000a334dfe7b0 

Instructions: (pc=0x000000005af3cffd)
0x000000005af3cfdd:   7d b7 48 8d 55 d7 0f 29 45 d7 0f 10 4d a7 0f 10
0x000000005af3cfed:   45 b7 4c 8b c3 49 8b cf 0f 29 4d e7 0f 29 45 f7
0x000000005af3cffd:   0f 10 4d c7 0f 29 4d 07 e8 c6 21 ee ff 40 38 7d
0x000000005af3d00d:   77 74 06 48 8b 45 7f 89 30 45 33 c0 48 8b d3 49 



---------------  P R O C E S S  ---------------

Java Threads: ( => current thread )
  0x0000022dab529800 JavaThread "DestroyJavaVM" [_thread_blocked, id=5896, stack(0x000000a333800000,0x000000a333900000)]
  0x0000022dab527000 JavaThread "http-nio-1997-Acceptor" daemon [_thread_in_native, id=12344, stack(0x000000a336300000,0x000000a336400000)]
  0x0000022dab4f8000 JavaThread "http-nio-1997-ClientPoller" daemon [_thread_in_native, id=18904, stack(0x000000a336200000,0x000000a336300000)]
  0x0000022dab4fa800 JavaThread "http-nio-1997-exec-10" daemon [_thread_blocked, id=4464, stack(0x000000a336100000,0x000000a336200000)]
  0x0000022dab4f9800 JavaThread "http-nio-1997-exec-9" daemon [_thread_blocked, id=18764, stack(0x000000a336000000,0x000000a336100000)]
  0x0000022dab4ff000 JavaThread "http-nio-1997-exec-8" daemon [_thread_blocked, id=17608, stack(0x000000a335f00000,0x000000a336000000)]
  0x0000022dab4fe000 JavaThread "http-nio-1997-exec-7" daemon [_thread_blocked, id=17356, stack(0x000000a335e00000,0x000000a335f00000)]
  0x0000022dab4fc000 JavaThread "http-nio-1997-exec-6" daemon [_thread_blocked, id=2676, stack(0x000000a335d00000,0x000000a335e00000)]
  0x0000022dab4fd800 JavaThread "http-nio-1997-exec-5" daemon [_thread_blocked, id=6136, stack(0x000000a335c00000,0x000000a335d00000)]
  0x0000022dab4f9000 JavaThread "http-nio-1997-exec-4" daemon [_thread_blocked, id=9784, stack(0x000000a335b00000,0x000000a335c00000)]
  0x0000022dab4fc800 JavaThread "http-nio-1997-exec-3" daemon [_thread_blocked, id=5840, stack(0x000000a335a00000,0x000000a335b00000)]
  0x0000022dab4fb000 JavaThread "http-nio-1997-exec-2" daemon [_thread_blocked, id=13352, stack(0x000000a335900000,0x000000a335a00000)]
  0x0000022dab4f7800 JavaThread "http-nio-1997-exec-1" daemon [_thread_blocked, id=17652, stack(0x000000a335800000,0x000000a335900000)]
  0x0000022dab404800 JavaThread "http-nio-1997-BlockPoller" daemon [_thread_in_native, id=10220, stack(0x000000a335700000,0x000000a335800000)]
  0x0000022dab2bb000 JavaThread "container-0" [_thread_blocked, id=19152, stack(0x000000a335600000,0x000000a335700000)]
  0x0000022dab2ba800 JavaThread "Catalina-utility-2" [_thread_blocked, id=16436, stack(0x000000a335500000,0x000000a335600000)]
  0x0000022da9bd4000 JavaThread "Catalina-utility-1" [_thread_blocked, id=18740, stack(0x000000a335400000,0x000000a335500000)]
  0x0000022dab114000 JavaThread "RMI Scheduler(0)" daemon [_thread_blocked, id=17104, stack(0x000000a335300000,0x000000a335400000)]
  0x0000022da9623800 JavaThread "RMI TCP Accept-0" daemon [_thread_in_native, id=15620, stack(0x000000a335000000,0x000000a335100000)]
  0x0000022da97db000 JavaThread "Service Thread" daemon [_thread_blocked, id=12096, stack(0x000000a334f00000,0x000000a335000000)]
  0x0000022da97d7800 JavaThread "Monitor Ctrl-Break" daemon [_thread_in_native, id=15496, stack(0x000000a334e00000,0x000000a334f00000)]
=>0x0000022da93ec000 JavaThread "Common-Cleaner" daemon [_thread_in_vm, id=3924, stack(0x000000a334d00000,0x000000a334e00000)]
  0x0000022da9478800 JavaThread "Sweeper thread" daemon [_thread_blocked, id=9424, stack(0x000000a334c00000,0x000000a334d00000)]
  0x0000022da93db800 JavaThread "C1 CompilerThread2" daemon [_thread_blocked, id=8548, stack(0x000000a334b00000,0x000000a334c00000)]
  0x0000022da93d6800 JavaThread "C1 CompilerThread1" daemon [_thread_blocked, id=12036, stack(0x000000a334a00000,0x000000a334b00000)]
  0x0000022da93d0800 JavaThread "C1 CompilerThread0" daemon [_thread_blocked, id=11840, stack(0x000000a334900000,0x000000a334a00000)]
  0x0000022da93cd000 JavaThread "Attach Listener" daemon [_thread_blocked, id=19112, stack(0x000000a334800000,0x000000a334900000)]
  0x0000022da93cc000 JavaThread "Signal Dispatcher" daemon [_thread_blocked, id=18580, stack(0x000000a334700000,0x000000a334800000)]
  0x0000022da935d000 JavaThread "Finalizer" daemon [_thread_blocked, id=6188, stack(0x000000a334600000,0x000000a334700000)]
  0x0000022da935b000 JavaThread "Reference Handler" daemon [_thread_blocked, id=18444, stack(0x000000a334500000,0x000000a334600000)]

Other Threads:
  0x0000022da9358000 VMThread "VM Thread" [stack: 0x000000a334400000,0x000000a334500000] [id=19024]
  0x0000022da9a54000 WatcherThread [stack: 0x000000a335100000,0x000000a335200000] [id=10512]
  0x0000022d8337a000 GCTaskThread "GC Thread#0" [stack: 0x000000a333900000,0x000000a333a00000] [id=17752]
  0x0000022d8337b000 GCTaskThread "GC Thread#1" [stack: 0x000000a333a00000,0x000000a333b00000] [id=14516]
  0x0000022d83381000 GCTaskThread "GC Thread#2" [stack: 0x000000a333b00000,0x000000a333c00000] [id=11752]
  0x0000022d8338e000 GCTaskThread "GC Thread#3" [stack: 0x000000a333c00000,0x000000a333d00000] [id=18480]
  0x0000022d833d1000 ConcurrentGCThread "G1 Main Marker" [stack: 0x000000a334200000,0x000000a334300000] [id=15912]
  0x0000022d833d3000 ConcurrentGCThread "G1 Marker#0" [stack: 0x000000a334300000,0x000000a334400000] [id=14764]
  0x0000022d83397800 ConcurrentGCThread "G1 Refine#0" [stack: 0x000000a334000000,0x000000a334100000] [id=1048]
  0x0000022d83396000 ConcurrentGCThread "G1 Refine#1" [stack: 0x000000a333f00000,0x000000a334000000] [id=17092]
  0x0000022d83395800 ConcurrentGCThread "G1 Refine#2" [stack: 0x000000a333e00000,0x000000a333f00000] [id=2840]
  0x0000022d83393000 ConcurrentGCThread "G1 Refine#3" [stack: 0x000000a333d00000,0x000000a333e00000] [id=15088]
  0x0000022d8339f800 ConcurrentGCThread "G1 Young RemSet Sampling" [stack: 0x000000a334100000,0x000000a334200000] [id=2340]

Threads with active compile tasks:

VM state:not at safepoint (normal execution)

VM Mutex/Monitor currently owned by a thread:  ([mutex/lock_event])
[0x0000022d83360d80] AdapterHandlerLibrary_lock - owner thread: 0x0000022da93ec000

Heap address: 0x0000000701a00000, size: 3046 MB, Compressed Oops mode: Zero based, Oop shift amount: 3
Narrow klass base: 0x0000000000000000, Narrow klass shift: 3
Compressed class space size: 1073741824 Address: 0x00000007c0000000

Heap:
 garbage-first heap   total 196608K, used 83757K [0x0000000701a00000, 0x0000000701b00600, 0x00000007c0000000)
  region size 1024K, 71 young (72704K), 5 survivors (5120K)
 Metaspace       used 38846K, capacity 41326K, committed 41424K, reserved 1085440K
  class space    used 4944K, capacity 5374K, committed 5376K, reserved 1048576K
Heap Regions: E=young(eden), S=young(survivor), O=old, HS=humongous(starts), HC=humongous(continues), CS=collection set, F=free, A=archive, TS=gc time stamp, AC=allocation context, TAMS=top-at-mark-start (previous, next)
|   0|0x0000000701a00000, 0x0000000701b00000, 0x0000000701b00000|100%| O|  |TS  0|AC  0|TAMS 0x0000000701b00000, 0x0000000701b00000|
|   1|0x0000000701b00000, 0x0000000701c00000, 0x0000000701c00000|100%| O|  |TS  0|AC  0|TAMS 0x0000000701c00000, 0x0000000701c00000|
|   2|0x0000000701c00000, 0x0000000701d00000, 0x0000000701d00000|100%| O|  |TS  0|AC  0|TAMS 0x0000000701d00000, 0x0000000701d00000|
|   3|0x0000000701d00000, 0x0000000701e00000, 0x0000000701e00000|100%| O|  |TS  0|AC  0|TAMS 0x0000000701e00000, 0x0000000701e00000|
|   4|0x0000000701e00000, 0x0000000701f00000, 0x0000000701f00000|100%| O|  |TS  0|AC  0|TAMS 0x0000000701f00000, 0x0000000701f00000|
|   5|0x0000000701f00000, 0x0000000702000000, 0x0000000702000000|100%| O|  |TS  0|AC  0|TAMS 0x0000000702000000, 0x0000000702000000|
|   6|0x0000000702000000, 0x0000000702100000, 0x0000000702100000|100%| O|  |TS  0|AC  0|TAMS 0x0000000702100000, 0x0000000702100000|
|   7|0x0000000702100000, 0x0000000702200000, 0x0000000702200000|100%| O|  |TS  0|AC  0|TAMS 0x0000000702200000, 0x0000000702200000|
|   8|0x0000000702200000, 0x0000000702300000, 0x0000000702300000|100%| O|  |TS  0|AC  0|TAMS 0x0000000702300000, 0x0000000702300000|
|   9|0x0000000702300000, 0x0000000702400000, 0x0000000702400000|100%| O|  |TS  0|AC  0|TAMS 0x0000000702400000, 0x0000000702400000|
|  10|0x0000000702400000, 0x0000000702500000, 0x0000000702500000|100%| O|  |TS  0|AC  0|TAMS 0x0000000702500000, 0x0000000702500000|
|  11|0x0000000702500000, 0x00000007025e8000, 0x0000000702600000| 90%| O|  |TS  0|AC  0|TAMS 0x00000007025e8000, 0x00000007025e8000|
|  12|0x0000000702600000, 0x0000000702600000, 0x0000000702700000|  0%| F|  |TS  0|AC  0|TAMS 0x0000000702600000, 0x0000000702600000|
|  13|0x0000000702700000, 0x0000000702700000, 0x0000000702800000|  0%| F|  |TS  0|AC  0|TAMS 0x0000000702700000, 0x0000000702700000|
|  14|0x0000000702800000, 0x0000000702800000, 0x0000000702900000|  0%| F|  |TS  0|AC  0|TAMS 0x0000000702800000, 0x0000000702800000|
|  15|0x0000000702900000, 0x0000000702900000, 0x0000000702a00000|  0%| F|  |TS  0|AC  0|TAMS 0x0000000702900000, 0x0000000702900000|
|  16|0x0000000702a00000, 0x0000000702a00000, 0x0000000702b00000|  0%| F|  |TS  0|AC  0|TAMS 0x0000000702a00000, 0x0000000702a00000|
|  17|0x0000000702b00000, 0x0000000702b00000, 0x0000000702c00000|  0%| F|  |TS  0|AC  0|TAMS 0x0000000702b00000, 0x0000000702b00000|
|  18|0x0000000702c00000, 0x0000000702c00000, 0x0000000702d00000|  0%| F|  |TS  0|AC  0|TAMS 0x0000000702c00000, 0x0000000702c00000|
|  19|0x0000000702d00000, 0x0000000702d00000, 0x0000000702e00000|  0%| F|  |TS  0|AC  0|TAMS 0x0000000702d00000, 0x0000000702d00000|
|  20|0x0000000702e00000, 0x0000000702e00000, 0x0000000702f00000|  0%| F|  |TS  0|AC  0|TAMS 0x0000000702e00000, 0x0000000702e00000|
|  21|0x0000000702f00000, 0x0000000702f00000, 0x0000000703000000|  0%| F|  |TS  0|AC  0|TAMS 0x0000000702f00000, 0x0000000702f00000|
|  22|0x0000000703000000, 0x0000000703000000, 0x0000000703100000|  0%| F|  |TS  0|AC  0|TAMS 0x0000000703000000, 0x0000000703000000|
|  23|0x0000000703100000, 0x0000000703100000, 0x0000000703200000|  0%| F|  |TS  0|AC  0|TAMS 0x0000000703100000, 0x0000000703100000|
|  24|0x0000000703200000, 0x0000000703200000, 0x0000000703300000|  0%| F|  |TS  0|AC  0|TAMS 0x0000000703200000, 0x0000000703200000|
|  25|0x0000000703300000, 0x0000000703300000, 0x0000000703400000|  0%| F|  |TS  0|AC  0|TAMS 0x0000000703300000, 0x0000000703300000|
|  26|0x0000000703400000, 0x0000000703400000, 0x0000000703500000|  0%| F|  |TS  0|AC  0|TAMS 0x0000000703400000, 0x0000000703400000|
|  27|0x0000000703500000, 0x0000000703500000, 0x0000000703600000|  0%| F|  |TS  0|AC  0|TAMS 0x0000000703500000, 0x0000000703500000|
|  28|0x0000000703600000, 0x0000000703600000, 0x0000000703700000|  0%| F|  |TS  0|AC  0|TAMS 0x0000000703600000, 0x0000000703600000|
|  29|0x0000000703700000, 0x0000000703700000, 0x0000000703800000|  0%| F|  |TS  0|AC  0|TAMS 0x0000000703700000, 0x0000000703700000|
|  30|0x0000000703800000, 0x0000000703800000, 0x0000000703900000|  0%| F|  |TS  0|AC  0|TAMS 0x0000000703800000, 0x0000000703800000|
|  31|0x0000000703900000, 0x0000000703900000, 0x0000000703a00000|  0%| F|  |TS  0|AC  0|TAMS 0x0000000703900000, 0x0000000703900000|
|  32|0x0000000703a00000, 0x0000000703a00000, 0x0000000703b00000|  0%| F|  |TS  0|AC  0|TAMS 0x0000000703a00000, 0x0000000703a00000|
|  33|0x0000000703b00000, 0x0000000703b00000, 0x0000000703c00000|  0%| F|  |TS  0|AC  0|TAMS 0x0000000703b00000, 0x0000000703b00000|
|  34|0x0000000703c00000, 0x0000000703c00000, 0x0000000703d00000|  0%| F|  |TS  0|AC  0|TAMS 0x0000000703c00000, 0x0000000703c00000|
|  35|0x0000000703d00000, 0x0000000703d00000, 0x0000000703e00000|  0%| F|  |TS  0|AC  0|TAMS 0x0000000703d00000, 0x0000000703d00000|
|  36|0x0000000703e00000, 0x0000000703e00000, 0x0000000703f00000|  0%| F|  |TS  0|AC  0|TAMS 0x0000000703e00000, 0x0000000703e00000|
|  37|0x0000000703f00000, 0x0000000703f00000, 0x0000000704000000|  0%| F|  |TS  0|AC  0|TAMS 0x0000000703f00000, 0x0000000703f00000|
|  38|0x0000000704000000, 0x0000000704000000, 0x0000000704100000|  0%| F|  |TS  0|AC  0|TAMS 0x0000000704000000, 0x0000000704000000|
|  39|0x0000000704100000, 0x0000000704100000, 0x0000000704200000|  0%| F|  |TS  0|AC  0|TAMS 0x0000000704100000, 0x0000000704100000|
|  40|0x0000000704200000, 0x0000000704200000, 0x0000000704300000|  0%| F|  |TS  0|AC  0|TAMS 0x0000000704200000, 0x0000000704200000|
|  41|0x0000000704300000, 0x0000000704300000, 0x0000000704400000|  0%| F|  |TS  0|AC  0|TAMS 0x0000000704300000, 0x0000000704300000|
|  42|0x0000000704400000, 0x0000000704400000, 0x0000000704500000|  0%| F|  |TS  0|AC  0|TAMS 0x0000000704400000, 0x0000000704400000|
|  43|0x0000000704500000, 0x0000000704500000, 0x0000000704600000|  0%| F|  |TS  0|AC  0|TAMS 0x0000000704500000, 0x0000000704500000|
|  44|0x0000000704600000, 0x0000000704600000, 0x0000000704700000|  0%| F|  |TS  0|AC  0|TAMS 0x0000000704600000, 0x0000000704600000|
|  45|0x0000000704700000, 0x0000000704700000, 0x0000000704800000|  0%| F|  |TS  0|AC  0|TAMS 0x0000000704700000, 0x0000000704700000|
|  46|0x0000000704800000, 0x0000000704800000, 0x0000000704900000|  0%| F|  |TS  0|AC  0|TAMS 0x0000000704800000, 0x0000000704800000|
|  47|0x0000000704900000, 0x0000000704900000, 0x0000000704a00000|  0%| F|  |TS  0|AC  0|TAMS 0x0000000704900000, 0x0000000704900000|
|  48|0x0000000704a00000, 0x0000000704a00000, 0x0000000704b00000|  0%| F|  |TS  0|AC  0|TAMS 0x0000000704a00000, 0x0000000704a00000|
|  49|0x0000000704b00000, 0x0000000704b00000, 0x0000000704c00000|  0%| F|  |TS  0|AC  0|TAMS 0x0000000704b00000, 0x0000000704b00000|
|  50|0x0000000704c00000, 0x0000000704c00000, 0x0000000704d00000|  0%| F|  |TS  0|AC  0|TAMS 0x0000000704c00000, 0x0000000704c00000|
|  51|0x0000000704d00000, 0x0000000704d00000, 0x0000000704e00000|  0%| F|  |TS  0|AC  0|TAMS 0x0000000704d00000, 0x0000000704d00000|
|  52|0x0000000704e00000, 0x0000000704e00000, 0x0000000704f00000|  0%| F|  |TS  0|AC  0|TAMS 0x0000000704e00000, 0x0000000704e00000|
|  53|0x0000000704f00000, 0x0000000704f00000, 0x0000000705000000|  0%| F|  |TS  0|AC  0|TAMS 0x0000000704f00000, 0x0000000704f00000|
|  54|0x0000000705000000, 0x0000000705000000, 0x0000000705100000|  0%| F|  |TS  0|AC  0|TAMS 0x0000000705000000, 0x0000000705000000|
|  55|0x0000000705100000, 0x0000000705100000, 0x0000000705200000|  0%| F|  |TS  0|AC  0|TAMS 0x0000000705100000, 0x0000000705100000|
|  56|0x0000000705200000, 0x0000000705200000, 0x0000000705300000|  0%| F|  |TS  0|AC  0|TAMS 0x0000000705200000, 0x0000000705200000|
|  57|0x0000000705300000, 0x0000000705300000, 0x0000000705400000|  0%| F|  |TS  0|AC  0|TAMS 0x0000000705300000, 0x0000000705300000|
|  58|0x0000000705400000, 0x0000000705400000, 0x0000000705500000|  0%| F|  |TS  0|AC  0|TAMS 0x0000000705400000, 0x0000000705400000|
|  59|0x0000000705500000, 0x0000000705500000, 0x0000000705600000|  0%| F|  |TS  0|AC  0|TAMS 0x0000000705500000, 0x0000000705500000|
|  60|0x0000000705600000, 0x0000000705600000, 0x0000000705700000|  0%| F|  |TS  0|AC  0|TAMS 0x0000000705600000, 0x0000000705600000|
|  61|0x0000000705700000, 0x0000000705700000, 0x0000000705800000|  0%| F|  |TS  0|AC  0|TAMS 0x0000000705700000, 0x0000000705700000|
|  62|0x0000000705800000, 0x0000000705800000, 0x0000000705900000|  0%| F|  |TS  0|AC  0|TAMS 0x0000000705800000, 0x0000000705800000|
|  63|0x0000000705900000, 0x0000000705900000, 0x0000000705a00000|  0%| F|  |TS  0|AC  0|TAMS 0x0000000705900000, 0x0000000705900000|
|  64|0x0000000705a00000, 0x0000000705a00000, 0x0000000705b00000|  0%| F|  |TS  0|AC  0|TAMS 0x0000000705a00000, 0x0000000705a00000|
|  65|0x0000000705b00000, 0x0000000705b00000, 0x0000000705c00000|  0%| F|  |TS  0|AC  0|TAMS 0x0000000705b00000, 0x0000000705b00000|
|  66|0x0000000705c00000, 0x0000000705c00000, 0x0000000705d00000|  0%| F|  |TS  0|AC  0|TAMS 0x0000000705c00000, 0x0000000705c00000|
|  67|0x0000000705d00000, 0x0000000705d00000, 0x0000000705e00000|  0%| F|  |TS  0|AC  0|TAMS 0x0000000705d00000, 0x0000000705d00000|
|  68|0x0000000705e00000, 0x0000000705e00000, 0x0000000705f00000|  0%| F|  |TS  0|AC  0|TAMS 0x0000000705e00000, 0x0000000705e00000|
|  69|0x0000000705f00000, 0x0000000705f00000, 0x0000000706000000|  0%| F|  |TS  0|AC  0|TAMS 0x0000000705f00000, 0x0000000705f00000|
|  70|0x0000000706000000, 0x0000000706000000, 0x0000000706100000|  0%| F|  |TS  0|AC  0|TAMS 0x0000000706000000, 0x0000000706000000|
|  71|0x0000000706100000, 0x0000000706100000, 0x0000000706200000|  0%| F|  |TS  0|AC  0|TAMS 0x0000000706100000, 0x0000000706100000|
|  72|0x0000000706200000, 0x0000000706200000, 0x0000000706300000|  0%| F|  |TS  0|AC  0|TAMS 0x0000000706200000, 0x0000000706200000|
|  73|0x0000000706300000, 0x0000000706300000, 0x0000000706400000|  0%| F|  |TS  0|AC  0|TAMS 0x0000000706300000, 0x0000000706300000|
|  74|0x0000000706400000, 0x0000000706400000, 0x0000000706500000|  0%| F|  |TS  0|AC  0|TAMS 0x0000000706400000, 0x0000000706400000|
|  75|0x0000000706500000, 0x0000000706500000, 0x0000000706600000|  0%| F|  |TS  0|AC  0|TAMS 0x0000000706500000, 0x0000000706500000|
|  76|0x0000000706600000, 0x0000000706600000, 0x0000000706700000|  0%| F|  |TS  0|AC  0|TAMS 0x0000000706600000, 0x0000000706600000|
|  77|0x0000000706700000, 0x0000000706700000, 0x0000000706800000|  0%| F|  |TS  0|AC  0|TAMS 0x0000000706700000, 0x0000000706700000|
|  78|0x0000000706800000, 0x0000000706800000, 0x0000000706900000|  0%| F|  |TS  0|AC  0|TAMS 0x0000000706800000, 0x0000000706800000|
|  79|0x0000000706900000, 0x0000000706900000, 0x0000000706a00000|  0%| F|  |TS  0|AC  0|TAMS 0x0000000706900000, 0x0000000706900000|
|  80|0x0000000706a00000, 0x0000000706a00000, 0x0000000706b00000|  0%| F|  |TS  0|AC  0|TAMS 0x0000000706a00000, 0x0000000706a00000|
|  81|0x0000000706b00000, 0x0000000706b00000, 0x0000000706c00000|  0%| F|  |TS  0|AC  0|TAMS 0x0000000706b00000, 0x0000000706b00000|
|  82|0x0000000706c00000, 0x0000000706c00000, 0x0000000706d00000|  0%| F|  |TS  0|AC  0|TAMS 0x0000000706c00000, 0x0000000706c00000|
|  83|0x0000000706d00000, 0x0000000706d00000, 0x0000000706e00000|  0%| F|  |TS  0|AC  0|TAMS 0x0000000706d00000, 0x0000000706d00000|
|  84|0x0000000706e00000, 0x0000000706e00000, 0x0000000706f00000|  0%| F|  |TS  0|AC  0|TAMS 0x0000000706e00000, 0x0000000706e00000|
|  85|0x0000000706f00000, 0x0000000706f00000, 0x0000000707000000|  0%| F|  |TS  0|AC  0|TAMS 0x0000000706f00000, 0x0000000706f00000|
|  86|0x0000000707000000, 0x0000000707000000, 0x0000000707100000|  0%| F|  |TS  0|AC  0|TAMS 0x0000000707000000, 0x0000000707000000|
|  87|0x0000000707100000, 0x0000000707100000, 0x0000000707200000|  0%| F|  |TS  0|AC  0|TAMS 0x0000000707100000, 0x0000000707100000|
|  88|0x0000000707200000, 0x0000000707200000, 0x0000000707300000|  0%| F|  |TS  0|AC  0|TAMS 0x0000000707200000, 0x0000000707200000|
|  89|0x0000000707300000, 0x0000000707300000, 0x0000000707400000|  0%| F|  |TS  0|AC  0|TAMS 0x0000000707300000, 0x0000000707300000|
|  90|0x0000000707400000, 0x0000000707400000, 0x0000000707500000|  0%| F|  |TS  0|AC  0|TAMS 0x0000000707400000, 0x0000000707400000|
|  91|0x0000000707500000, 0x0000000707500000, 0x0000000707600000|  0%| F|  |TS  0|AC  0|TAMS 0x0000000707500000, 0x0000000707500000|
|  92|0x0000000707600000, 0x0000000707600000, 0x0000000707700000|  0%| F|  |TS  0|AC  0|TAMS 0x0000000707600000, 0x0000000707600000|
|  93|0x0000000707700000, 0x0000000707700000, 0x0000000707800000|  0%| F|  |TS  0|AC  0|TAMS 0x0000000707700000, 0x0000000707700000|
|  94|0x0000000707800000, 0x0000000707800000, 0x0000000707900000|  0%| F|  |TS  0|AC  0|TAMS 0x0000000707800000, 0x0000000707800000|
|  95|0x0000000707900000, 0x0000000707900000, 0x0000000707a00000|  0%| F|  |TS  0|AC  0|TAMS 0x0000000707900000, 0x0000000707900000|
|  96|0x0000000707a00000, 0x0000000707a00000, 0x0000000707b00000|  0%| F|  |TS  0|AC  0|TAMS 0x0000000707a00000, 0x0000000707a00000|
|  97|0x0000000707b00000, 0x0000000707b00000, 0x0000000707c00000|  0%| F|  |TS  0|AC  0|TAMS 0x0000000707b00000, 0x0000000707b00000|
|  98|0x0000000707c00000, 0x0000000707c00000, 0x0000000707d00000|  0%| F|  |TS  0|AC  0|TAMS 0x0000000707c00000, 0x0000000707c00000|
|  99|0x0000000707d00000, 0x0000000707d00000, 0x0000000707e00000|  0%| F|  |TS  0|AC  0|TAMS 0x0000000707d00000, 0x0000000707d00000|
| 100|0x0000000707e00000, 0x0000000707e00000, 0x0000000707f00000|  0%| F|  |TS  0|AC  0|TAMS 0x0000000707e00000, 0x0000000707e00000|
| 101|0x0000000707f00000, 0x0000000707f00000, 0x0000000708000000|  0%| F|  |TS  0|AC  0|TAMS 0x0000000707f00000, 0x0000000707f00000|
| 102|0x0000000708000000, 0x0000000708000000, 0x0000000708100000|  0%| F|  |TS  0|AC  0|TAMS 0x0000000708000000, 0x0000000708000000|
| 103|0x0000000708100000, 0x0000000708100000, 0x0000000708200000|  0%| F|  |TS  0|AC  0|TAMS 0x0000000708100000, 0x0000000708100000|
| 104|0x0000000708200000, 0x0000000708200000, 0x0000000708300000|  0%| F|  |TS  0|AC  0|TAMS 0x0000000708200000, 0x0000000708200000|
| 105|0x0000000708300000, 0x0000000708300000, 0x0000000708400000|  0%| F|  |TS  0|AC  0|TAMS 0x0000000708300000, 0x0000000708300000|
| 106|0x0000000708400000, 0x0000000708400000, 0x0000000708500000|  0%| F|  |TS  0|AC  0|TAMS 0x0000000708400000, 0x0000000708400000|
| 107|0x0000000708500000, 0x0000000708500000, 0x0000000708600000|  0%| F|  |TS  0|AC  0|TAMS 0x0000000708500000, 0x0000000708500000|
| 108|0x0000000708600000, 0x0000000708600000, 0x0000000708700000|  0%| F|  |TS  0|AC  0|TAMS 0x0000000708600000, 0x0000000708600000|
| 109|0x0000000708700000, 0x0000000708700000, 0x0000000708800000|  0%| F|  |TS  0|AC  0|TAMS 0x0000000708700000, 0x0000000708700000|
| 110|0x0000000708800000, 0x0000000708800000, 0x0000000708900000|  0%| F|  |TS  0|AC  0|TAMS 0x0000000708800000, 0x0000000708800000|
| 111|0x0000000708900000, 0x0000000708900000, 0x0000000708a00000|  0%| F|  |TS  0|AC  0|TAMS 0x0000000708900000, 0x0000000708900000|
| 112|0x0000000708a00000, 0x0000000708a00000, 0x0000000708b00000|  0%| F|  |TS  0|AC  0|TAMS 0x0000000708a00000, 0x0000000708a00000|
| 113|0x0000000708b00000, 0x0000000708b00000, 0x0000000708c00000|  0%| F|  |TS  0|AC  0|TAMS 0x0000000708b00000, 0x0000000708b00000|
| 114|0x0000000708c00000, 0x0000000708c00000, 0x0000000708d00000|  0%| F|  |TS  0|AC  0|TAMS 0x0000000708c00000, 0x0000000708c00000|
| 115|0x0000000708d00000, 0x0000000708d00000, 0x0000000708e00000|  0%| F|  |TS  0|AC  0|TAMS 0x0000000708d00000, 0x0000000708d00000|
| 116|0x0000000708e00000, 0x0000000708e00000, 0x0000000708f00000|  0%| F|  |TS  0|AC  0|TAMS 0x0000000708e00000, 0x0000000708e00000|
| 117|0x0000000708f00000, 0x0000000708f00000, 0x0000000709000000|  0%| F|  |TS  0|AC  0|TAMS 0x0000000708f00000, 0x0000000708f00000|
| 118|0x0000000709000000, 0x0000000709000000, 0x0000000709100000|  0%| F|  |TS  0|AC  0|TAMS 0x0000000709000000, 0x0000000709000000|
| 119|0x0000000709100000, 0x0000000709100000, 0x0000000709200000|  0%| F|  |TS  0|AC  0|TAMS 0x0000000709100000, 0x0000000709100000|
| 120|0x0000000709200000, 0x0000000709200000, 0x0000000709300000|  0%| F|  |TS  0|AC  0|TAMS 0x0000000709200000, 0x0000000709200000|
| 121|0x0000000709300000, 0x00000007093a4598, 0x0000000709400000| 64%| E|  |TS  0|AC  0|TAMS 0x0000000709300000, 0x0000000709300000|
| 122|0x0000000709400000, 0x0000000709500000, 0x0000000709500000|100%| E|CS|TS  0|AC  0|TAMS 0x0000000709400000, 0x0000000709400000|
| 123|0x0000000709500000, 0x0000000709600000, 0x0000000709600000|100%| E|CS|TS  0|AC  0|TAMS 0x0000000709500000, 0x0000000709500000|
| 124|0x0000000709600000, 0x0000000709700000, 0x0000000709700000|100%| E|CS|TS  0|AC  0|TAMS 0x0000000709600000, 0x0000000709600000|
| 125|0x0000000709700000, 0x0000000709800000, 0x0000000709800000|100%| E|CS|TS  0|AC  0|TAMS 0x0000000709700000, 0x0000000709700000|
| 126|0x0000000709800000, 0x0000000709900000, 0x0000000709900000|100%| E|CS|TS  0|AC  0|TAMS 0x0000000709800000, 0x0000000709800000|
| 127|0x0000000709900000, 0x0000000709a00000, 0x0000000709a00000|100%| E|CS|TS  0|AC  0|TAMS 0x0000000709900000, 0x0000000709900000|
| 128|0x0000000709a00000, 0x0000000709b00000, 0x0000000709b00000|100%| E|CS|TS  0|AC  0|TAMS 0x0000000709a00000, 0x0000000709a00000|
| 129|0x0000000709b00000, 0x0000000709c00000, 0x0000000709c00000|100%| E|CS|TS  0|AC  0|TAMS 0x0000000709b00000, 0x0000000709b00000|
| 130|0x0000000709c00000, 0x0000000709d00000, 0x0000000709d00000|100%| E|CS|TS  0|AC  0|TAMS 0x0000000709c00000, 0x0000000709c00000|
| 131|0x0000000709d00000, 0x0000000709e00000, 0x0000000709e00000|100%| E|CS|TS  0|AC  0|TAMS 0x0000000709d00000, 0x0000000709d00000|
| 132|0x0000000709e00000, 0x0000000709f00000, 0x0000000709f00000|100%| E|CS|TS  0|AC  0|TAMS 0x0000000709e00000, 0x0000000709e00000|
| 133|0x0000000709f00000, 0x000000070a000000, 0x000000070a000000|100%| E|CS|TS  0|AC  0|TAMS 0x0000000709f00000, 0x0000000709f00000|
| 134|0x000000070a000000, 0x000000070a100000, 0x000000070a100000|100%| E|CS|TS  0|AC  0|TAMS 0x000000070a000000, 0x000000070a000000|
| 135|0x000000070a100000, 0x000000070a200000, 0x000000070a200000|100%| E|CS|TS  0|AC  0|TAMS 0x000000070a100000, 0x000000070a100000|
| 136|0x000000070a200000, 0x000000070a300000, 0x000000070a300000|100%| E|CS|TS  0|AC  0|TAMS 0x000000070a200000, 0x000000070a200000|
| 137|0x000000070a300000, 0x000000070a400000, 0x000000070a400000|100%| E|CS|TS  0|AC  0|TAMS 0x000000070a300000, 0x000000070a300000|
| 138|0x000000070a400000, 0x000000070a500000, 0x000000070a500000|100%| E|CS|TS  0|AC  0|TAMS 0x000000070a400000, 0x000000070a400000|
| 139|0x000000070a500000, 0x000000070a600000, 0x000000070a600000|100%| E|CS|TS  0|AC  0|TAMS 0x000000070a500000, 0x000000070a500000|
| 140|0x000000070a600000, 0x000000070a700000, 0x000000070a700000|100%| E|CS|TS  0|AC  0|TAMS 0x000000070a600000, 0x000000070a600000|
| 141|0x000000070a700000, 0x000000070a800000, 0x000000070a800000|100%| E|CS|TS  0|AC  0|TAMS 0x000000070a700000, 0x000000070a700000|
| 142|0x000000070a800000, 0x000000070a900000, 0x000000070a900000|100%| E|CS|TS  0|AC  0|TAMS 0x000000070a800000, 0x000000070a800000|
| 143|0x000000070a900000, 0x000000070aa00000, 0x000000070aa00000|100%| E|CS|TS  0|AC  0|TAMS 0x000000070a900000, 0x000000070a900000|
| 144|0x000000070aa00000, 0x000000070ab00000, 0x000000070ab00000|100%| E|CS|TS  0|AC  0|TAMS 0x000000070aa00000, 0x000000070aa00000|
| 145|0x000000070ab00000, 0x000000070ac00000, 0x000000070ac00000|100%| E|CS|TS  0|AC  0|TAMS 0x000000070ab00000, 0x000000070ab00000|
| 146|0x000000070ac00000, 0x000000070ad00000, 0x000000070ad00000|100%| E|CS|TS  0|AC  0|TAMS 0x000000070ac00000, 0x000000070ac00000|
| 147|0x000000070ad00000, 0x000000070ae00000, 0x000000070ae00000|100%| E|CS|TS  0|AC  0|TAMS 0x000000070ad00000, 0x000000070ad00000|
| 148|0x000000070ae00000, 0x000000070af00000, 0x000000070af00000|100%| E|CS|TS  0|AC  0|TAMS 0x000000070ae00000, 0x000000070ae00000|
| 149|0x000000070af00000, 0x000000070b000000, 0x000000070b000000|100%| E|CS|TS  0|AC  0|TAMS 0x000000070af00000, 0x000000070af00000|
| 150|0x000000070b000000, 0x000000070b100000, 0x000000070b100000|100%| E|CS|TS  0|AC  0|TAMS 0x000000070b000000, 0x000000070b000000|
| 151|0x000000070b100000, 0x000000070b200000, 0x000000070b200000|100%| E|CS|TS  0|AC  0|TAMS 0x000000070b100000, 0x000000070b100000|
| 152|0x000000070b200000, 0x000000070b2e37d8, 0x000000070b300000| 88%| S|CS|TS  0|AC  0|TAMS 0x000000070b200000, 0x000000070b200000|
| 153|0x000000070b300000, 0x000000070b400000, 0x000000070b400000|100%| S|CS|TS  0|AC  0|TAMS 0x000000070b300000, 0x000000070b300000|
| 154|0x000000070b400000, 0x000000070b500000, 0x000000070b500000|100%| S|CS|TS  0|AC  0|TAMS 0x000000070b400000, 0x000000070b400000|
| 155|0x000000070b500000, 0x000000070b600000, 0x000000070b600000|100%| S|CS|TS  0|AC  0|TAMS 0x000000070b500000, 0x000000070b500000|
| 156|0x000000070b600000, 0x000000070b700000, 0x000000070b700000|100%| S|CS|TS  0|AC  0|TAMS 0x000000070b600000, 0x000000070b600000|
| 157|0x000000070b700000, 0x000000070b800000, 0x000000070b800000|100%| E|CS|TS  0|AC  0|TAMS 0x000000070b700000, 0x000000070b700000|
| 158|0x000000070b800000, 0x000000070b900000, 0x000000070b900000|100%| E|CS|TS  0|AC  0|TAMS 0x000000070b800000, 0x000000070b800000|
| 159|0x000000070b900000, 0x000000070ba00000, 0x000000070ba00000|100%| E|CS|TS  0|AC  0|TAMS 0x000000070b900000, 0x000000070b900000|
| 160|0x000000070ba00000, 0x000000070bb00000, 0x000000070bb00000|100%| E|CS|TS  0|AC  0|TAMS 0x000000070ba00000, 0x000000070ba00000|
| 161|0x000000070bb00000, 0x000000070bc00000, 0x000000070bc00000|100%| E|CS|TS  0|AC  0|TAMS 0x000000070bb00000, 0x000000070bb00000|
| 162|0x000000070bc00000, 0x000000070bd00000, 0x000000070bd00000|100%| E|CS|TS  0|AC  0|TAMS 0x000000070bc00000, 0x000000070bc00000|
| 163|0x000000070bd00000, 0x000000070be00000, 0x000000070be00000|100%| E|CS|TS  0|AC  0|TAMS 0x000000070bd00000, 0x000000070bd00000|
| 164|0x000000070be00000, 0x000000070bf00000, 0x000000070bf00000|100%| E|CS|TS  0|AC  0|TAMS 0x000000070be00000, 0x000000070be00000|
| 165|0x000000070bf00000, 0x000000070c000000, 0x000000070c000000|100%| E|CS|TS  0|AC  0|TAMS 0x000000070bf00000, 0x000000070bf00000|
| 166|0x000000070c000000, 0x000000070c100000, 0x000000070c100000|100%| E|CS|TS  0|AC  0|TAMS 0x000000070c000000, 0x000000070c000000|
| 167|0x000000070c100000, 0x000000070c200000, 0x000000070c200000|100%| E|CS|TS  0|AC  0|TAMS 0x000000070c100000, 0x000000070c100000|
| 168|0x000000070c200000, 0x000000070c300000, 0x000000070c300000|100%| E|CS|TS  0|AC  0|TAMS 0x000000070c200000, 0x000000070c200000|
| 169|0x000000070c300000, 0x000000070c400000, 0x000000070c400000|100%| E|CS|TS  0|AC  0|TAMS 0x000000070c300000, 0x000000070c300000|
| 170|0x000000070c400000, 0x000000070c500000, 0x000000070c500000|100%| E|CS|TS  0|AC  0|TAMS 0x000000070c400000, 0x000000070c400000|
| 171|0x000000070c500000, 0x000000070c600000, 0x000000070c600000|100%| E|CS|TS  0|AC  0|TAMS 0x000000070c500000, 0x000000070c500000|
| 172|0x000000070c600000, 0x000000070c700000, 0x000000070c700000|100%| E|CS|TS  0|AC  0|TAMS 0x000000070c600000, 0x000000070c600000|
| 173|0x000000070c700000, 0x000000070c800000, 0x000000070c800000|100%| E|CS|TS  0|AC  0|TAMS 0x000000070c700000, 0x000000070c700000|
| 174|0x000000070c800000, 0x000000070c900000, 0x000000070c900000|100%| E|CS|TS  0|AC  0|TAMS 0x000000070c800000, 0x000000070c800000|
| 175|0x000000070c900000, 0x000000070ca00000, 0x000000070ca00000|100%| E|CS|TS  0|AC  0|TAMS 0x000000070c900000, 0x000000070c900000|
| 176|0x000000070ca00000, 0x000000070cb00000, 0x000000070cb00000|100%| E|CS|TS  0|AC  0|TAMS 0x000000070ca00000, 0x000000070ca00000|
| 177|0x000000070cb00000, 0x000000070cc00000, 0x000000070cc00000|100%| E|CS|TS  0|AC  0|TAMS 0x000000070cb00000, 0x000000070cb00000|
| 178|0x000000070cc00000, 0x000000070cd00000, 0x000000070cd00000|100%| E|CS|TS  0|AC  0|TAMS 0x000000070cc00000, 0x000000070cc00000|
| 179|0x000000070cd00000, 0x000000070ce00000, 0x000000070ce00000|100%| E|CS|TS  0|AC  0|TAMS 0x000000070cd00000, 0x000000070cd00000|
| 180|0x000000070ce00000, 0x000000070cf00000, 0x000000070cf00000|100%| E|CS|TS  0|AC  0|TAMS 0x000000070ce00000, 0x000000070ce00000|
| 181|0x000000070cf00000, 0x000000070d000000, 0x000000070d000000|100%| E|CS|TS  0|AC  0|TAMS 0x000000070cf00000, 0x000000070cf00000|
| 182|0x000000070d000000, 0x000000070d100000, 0x000000070d100000|100%| E|CS|TS  0|AC  0|TAMS 0x000000070d000000, 0x000000070d000000|
| 183|0x000000070d100000, 0x000000070d200000, 0x000000070d200000|100%| E|CS|TS  0|AC  0|TAMS 0x000000070d100000, 0x000000070d100000|
| 184|0x000000070d200000, 0x000000070d300000, 0x000000070d300000|100%| E|CS|TS  0|AC  0|TAMS 0x000000070d200000, 0x000000070d200000|
| 185|0x000000070d300000, 0x000000070d400000, 0x000000070d400000|100%| E|CS|TS  0|AC  0|TAMS 0x000000070d300000, 0x000000070d300000|
| 186|0x000000070d400000, 0x000000070d500000, 0x000000070d500000|100%| E|CS|TS  0|AC  0|TAMS 0x000000070d400000, 0x000000070d400000|
| 187|0x000000070d500000, 0x000000070d600000, 0x000000070d600000|100%| E|CS|TS  0|AC  0|TAMS 0x000000070d500000, 0x000000070d500000|
| 188|0x000000070d600000, 0x000000070d700000, 0x000000070d700000|100%| E|CS|TS  0|AC  0|TAMS 0x000000070d600000, 0x000000070d600000|
| 189|0x000000070d700000, 0x000000070d800000, 0x000000070d800000|100%| E|CS|TS  0|AC  0|TAMS 0x000000070d700000, 0x000000070d700000|
| 190|0x000000070d800000, 0x000000070d900000, 0x000000070d900000|100%| E|CS|TS  0|AC  0|TAMS 0x000000070d800000, 0x000000070d800000|
| 191|0x000000070d900000, 0x000000070da00000, 0x000000070da00000|100%| E|CS|TS  0|AC  0|TAMS 0x000000070d900000, 0x000000070d900000|

Card table byte_map: [0x0000022d9f8a0000,0x0000022d9fea0000] byte_map_base: 0x0000022d9c093000

Marking Bits (Prev, Next): (CMBitMap*) 0x0000022d833d0610, (CMBitMap*) 0x0000022d833d0648
 Prev Bits: [0x0000022da04a0000, 0x0000022da3438000)
 Next Bits: [0x0000022da3440000, 0x0000022da63d8000)

Polling page: 0x0000022d83300000

CodeHeap 'non-profiled nmethods': size=238912Kb used=7181Kb max_used=7181Kb free=231730Kb
 bounds [0x0000022d8fd20000, 0x0000022d90430000, 0x0000022d9e670000]
CodeHeap 'non-nmethods': size=6848Kb used=2457Kb max_used=2457Kb free=4390Kb
 bounds [0x0000022d8f670000, 0x0000022d8f8e0000, 0x0000022d8fd20000]
 total_blobs=4867 nmethods=4314 adapters=460
 compilation: enabled

Compilation events (10 events):
Event: 3844.777 Thread 0x0000022da93d6800 4310       1       java.util.TreeSet::addAll (105 bytes)
Event: 3844.777 Thread 0x0000022da93d0800 4311       1       org.apache.catalina.webresources.Cache::evict (79 bytes)
Event: 3844.777 Thread 0x0000022da93db800 4312       1       org.apache.tomcat.util.collections.ManagedConcurrentWeakHashMap::maintain (44 bytes)
Event: 3844.778 Thread 0x0000022da93d0800 nmethod 4311 0x0000022d90421490 code [0x0000022d90421680, 0x0000022d90421a30]
Event: 3844.779 Thread 0x0000022da93d6800 nmethod 4310 0x0000022d90421d10 code [0x0000022d90421f40, 0x0000022d904224b0]
Event: 3844.779 Thread 0x0000022da93db800 nmethod 4312 0x0000022d90422790 code [0x0000022d90422960, 0x0000022d90422d20]
Event: 5164.196 Thread 0x0000022da93d6800 4313       1       java.util.concurrent.FutureTask::isDone (13 bytes)
Event: 5164.197 Thread 0x0000022da93d6800 nmethod 4313 0x0000022d90422f10 code [0x0000022d904230c0, 0x0000022d904231f8]
Event: 6605.353 Thread 0x0000022da93d6800 4314       1       org.apache.tomcat.util.net.AbstractEndpoint::isPaused (5 bytes)
Event: 6605.354 Thread 0x0000022da93d6800 nmethod 4314 0x0000022d90423290 code [0x0000022d90423440, 0x0000022d90423558]

GC Heap History (10 events):
Event: 1.296 GC heap before
{Heap before GC invocations=0 (full 0):
 garbage-first heap   total 196608K, used 14336K [0x0000000701a00000, 0x0000000701b00600, 0x00000007c0000000)
  region size 1024K, 14 young (14336K), 0 survivors (0K)
 Metaspace       used 10351K, capacity 10772K, committed 11008K, reserved 1058816K
  class space    used 1099K, capacity 1205K, committed 1280K, reserved 1048576K
}
Event: 1.301 GC heap after
{Heap after GC invocations=1 (full 0):
 garbage-first heap   total 196608K, used 3905K [0x0000000701a00000, 0x0000000701b00600, 0x00000007c0000000)
  region size 1024K, 2 young (2048K), 2 survivors (2048K)
 Metaspace       used 10351K, capacity 10772K, committed 11008K, reserved 1058816K
  class space    used 1099K, capacity 1205K, committed 1280K, reserved 1048576K
}
Event: 2.256 GC heap before
{Heap before GC invocations=1 (full 0):
 garbage-first heap   total 196608K, used 68417K [0x0000000701a00000, 0x0000000701b00600, 0x00000007c0000000)
  region size 1024K, 66 young (67584K), 2 survivors (2048K)
 Metaspace       used 20250K, capacity 21208K, committed 21296K, reserved 1069056K
  class space    used 2458K, capacity 2670K, committed 2688K, reserved 1048576K
}
Event: 2.267 GC heap after
{Heap after GC invocations=2 (full 0):
 garbage-first heap   total 196608K, used 12663K [0x0000000701a00000, 0x0000000701b00600, 0x00000007c0000000)
  region size 1024K, 11 young (11264K), 11 survivors (11264K)
 Metaspace       used 20250K, capacity 21208K, committed 21296K, reserved 1069056K
  class space    used 2458K, capacity 2670K, committed 2688K, reserved 1048576K
}
Event: 3.084 GC heap before
{Heap before GC invocations=3 (full 0):
 garbage-first heap   total 196608K, used 65911K [0x0000000701a00000, 0x0000000701b00600, 0x00000007c0000000)
  region size 1024K, 63 young (64512K), 11 survivors (11264K)
 Metaspace       used 26433K, capacity 27734K, committed 27904K, reserved 1073152K
  class space    used 3264K, capacity 3533K, committed 3584K, reserved 1048576K
}
Event: 3.094 GC heap after
{Heap after GC invocations=4 (full 0):
 garbage-first heap   total 196608K, used 14449K [0x0000000701a00000, 0x0000000701b00600, 0x00000007c0000000)
  region size 1024K, 8 young (8192K), 8 survivors (8192K)
 Metaspace       used 26433K, capacity 27734K, committed 27904K, reserved 1073152K
  class space    used 3264K, capacity 3533K, committed 3584K, reserved 1048576K
}
Event: 3.751 GC heap before
{Heap before GC invocations=4 (full 0):
 garbage-first heap   total 196608K, used 66673K [0x0000000701a00000, 0x0000000701b00600, 0x00000007c0000000)
  region size 1024K, 59 young (60416K), 8 survivors (8192K)
 Metaspace       used 30944K, capacity 33028K, committed 33280K, reserved 1079296K
  class space    used 3929K, capacity 4334K, committed 4352K, reserved 1048576K
}
Event: 3.759 GC heap after
{Heap after GC invocations=5 (full 0):
 garbage-first heap   total 196608K, used 16051K [0x0000000701a00000, 0x0000000701b00600, 0x00000007c0000000)
  region size 1024K, 7 young (7168K), 7 survivors (7168K)
 Metaspace       used 30944K, capacity 33028K, committed 33280K, reserved 1079296K
  class space    used 3929K, capacity 4334K, committed 4352K, reserved 1048576K
}
Event: 4.153 GC heap before
{Heap before GC invocations=5 (full 0):
 garbage-first heap   total 196608K, used 50867K [0x0000000701a00000, 0x0000000701b00600, 0x00000007c0000000)
  region size 1024K, 42 young (43008K), 7 survivors (7168K)
 Metaspace       used 33684K, capacity 35828K, committed 35920K, reserved 1081344K
  class space    used 4240K, capacity 4662K, committed 4736K, reserved 1048576K
}
Event: 4.161 GC heap after
{Heap after GC invocations=6 (full 0):
 garbage-first heap   total 196608K, used 17197K [0x0000000701a00000, 0x0000000701b00600, 0x00000007c0000000)
  region size 1024K, 5 young (5120K), 5 survivors (5120K)
 Metaspace       used 33684K, capacity 35828K, committed 35920K, reserved 1081344K
  class space    used 4240K, capacity 4662K, committed 4736K, reserved 1048576K
}

Deoptimization events (0 events):
No events

Classes redefined (0 events):
No events

Internal exceptions (10 events):
Event: 4.145 Thread 0x0000022d83363800 Exception <a 'java/lang/ClassNotFoundException'{0x000000070b859c80}: org/springframework/beans/factory/AwareCustomizer> (0x000000070b859c80) thrown at [c:/workspace/9-2-build-windows-amd64-cygwin-phase2/jdk9/6725/hotspot/src/share/vm/classfile/systemDicti
Event: 4.146 Thread 0x0000022d83363800 Exception <a 'java/lang/ClassNotFoundException'{0x000000070b869610}: org/springframework/web/context/ServletContextAwareCustomizer> (0x000000070b869610) thrown at [c:/workspace/9-2-build-windows-amd64-cygwin-phase2/jdk9/6725/hotspot/src/share/vm/classfile
Event: 4.146 Thread 0x0000022d83363800 Exception <a 'java/lang/ClassNotFoundException'{0x000000070b877eb8}: org/springframework/beans/factory/AwareCustomizer> (0x000000070b877eb8) thrown at [c:/workspace/9-2-build-windows-amd64-cygwin-phase2/jdk9/6725/hotspot/src/share/vm/classfile/systemDicti
Event: 4.246 Thread 0x0000022d83363800 Exception <a 'java/lang/NoSuchMethodError'{0x000000070d189288}: java.lang.invoke.DirectMethodHandle$Holder.invokeVirtual(Ljava/lang/Object;Ljava/lang/Object;I)V> (0x000000070d189288) thrown at [c:/workspace/9-2-build-windows-amd64-cygwin-phase2/jdk9/6725/
Event: 4.436 Thread 0x0000022d83363800 Exception <a 'java/lang/NoSuchMethodError'{0x000000070bf97648}: method resolution failed> (0x000000070bf97648) thrown at [c:/workspace/9-2-build-windows-amd64-cygwin-phase2/jdk9/6725/hotspot/src/share/vm/prims/methodHandles.cpp, line 1256]
Event: 4.436 Thread 0x0000022d83363800 Exception <a 'java/lang/NoSuchMethodError'{0x000000070bf9f688}: method resolution failed> (0x000000070bf9f688) thrown at [c:/workspace/9-2-build-windows-amd64-cygwin-phase2/jdk9/6725/hotspot/src/share/vm/prims/methodHandles.cpp, line 1256]
Event: 4.436 Thread 0x0000022d83363800 Exception <a 'java/lang/NoSuchMethodError'{0x000000070bfa3560}: method resolution failed> (0x000000070bfa3560) thrown at [c:/workspace/9-2-build-windows-amd64-cygwin-phase2/jdk9/6725/hotspot/src/share/vm/prims/methodHandles.cpp, line 1256]
Event: 4.463 Thread 0x0000022d83363800 Exception <a 'java/lang/NoSuchMethodError'{0x000000070bd437b8}: java.lang.invoke.DirectMethodHandle$Holder.invokeSpecial(Ljava/lang/Object;Ljava/lang/Object;)V> (0x000000070bd437b8) thrown at [c:/workspace/9-2-build-windows-amd64-cygwin-phase2/jdk9/6725/h
Event: 32.042 Thread 0x0000022dab4f7800 Exception <a 'java/lang/NoSuchMethodError'{0x000000070ab86868}: java.lang.Object.lambda$thenComparing$36697e65$1(Ljava/util/Comparator;Ljava/lang/Object;Ljava/lang/Object;)I> (0x000000070ab86868) thrown at [c:/workspace/9-2-build-windows-amd64-cygwin-phas
Event: 32.044 Thread 0x0000022dab4f7800 Exception <a 'java/lang/NoSuchMethodError'{0x000000070abb3e48}: java.lang.invoke.DirectMethodHandle$Holder.invokeVirtual(Ljava/lang/Object;Ljava/lang/Object;Ljava/lang/Object;Ljava/lang/Object;)V> (0x000000070abb3e48) thrown at [c:/workspace/9-2-build-win

Events (10 events):
Event: 43.437 Executing VM operation: RevokeBias done
Event: 64.082 loading class org/apache/catalina/Session
Event: 64.082 loading class org/apache/catalina/Session done
Event: 92.462 loading class java/net/SocketTimeoutException
Event: 92.462 loading class java/io/InterruptedIOException
Event: 92.463 loading class java/io/InterruptedIOException done
Event: 92.463 loading class java/net/SocketTimeoutException done
Event: 93.215 Thread 0x0000022daacfc000 Thread exited: 0x0000022daacfc000
Event: 94.825 Thread 0x0000022dab528800 Thread exited: 0x0000022dab528800
Event: 112.250 Thread 0x0000022dab528000 Thread exited: 0x0000022dab528000


Dynamic libraries:
0x00007ff77a1f0000 - 0x00007ff77a22e000 	C:\Program Files\Java\jdk-9\bin\java.exe
0x00007ffc9db80000 - 0x00007ffc9dd70000 	C:\WINDOWS\SYSTEM32\ntdll.dll
0x00007ffc9bd50000 - 0x00007ffc9be02000 	C:\WINDOWS\System32\KERNEL32.DLL
0x00007ffc9b860000 - 0x00007ffc9bb03000 	C:\WINDOWS\System32\KERNELBASE.dll
0x00007ffc9d3f0000 - 0x00007ffc9d493000 	C:\WINDOWS\System32\ADVAPI32.dll
0x00007ffc9c2f0000 - 0x00007ffc9c38e000 	C:\WINDOWS\System32\msvcrt.dll
0x00007ffc9bcb0000 - 0x00007ffc9bd47000 	C:\WINDOWS\System32\sechost.dll
0x00007ffc9c1d0000 - 0x00007ffc9c2f0000 	C:\WINDOWS\System32\RPCRT4.dll
0x00007ffc9c030000 - 0x00007ffc9c1c3000 	C:\WINDOWS\System32\USER32.dll
0x00007ffc9b340000 - 0x00007ffc9b361000 	C:\WINDOWS\System32\win32u.dll
0x00007ffc9d000000 - 0x00007ffc9d026000 	C:\WINDOWS\System32\GDI32.dll
0x00007ffc9b5c0000 - 0x00007ffc9b754000 	C:\WINDOWS\System32\gdi32full.dll
0x00007ffc9bb90000 - 0x00007ffc9bc2e000 	C:\WINDOWS\System32\msvcp_win.dll
0x00007ffc9b370000 - 0x00007ffc9b46a000 	C:\WINDOWS\System32\ucrtbase.dll
0x00007ffc8c5d0000 - 0x00007ffc8c855000 	C:\WINDOWS\WinSxS\amd64_microsoft.windows.common-controls_6595b64144ccf1df_6.0.18362.295_none_e6c3acbd13101292\COMCTL32.dll
0x00007ffc9cc20000 - 0x00007ffc9cf56000 	C:\WINDOWS\System32\combase.dll
0x00007ffc9bb10000 - 0x00007ffc9bb90000 	C:\WINDOWS\System32\bcryptPrimitives.dll
0x00007ffc955f0000 - 0x00007ffc955fa000 	C:\WINDOWS\SYSTEM32\VERSION.dll
0x00007ffc9d5d0000 - 0x00007ffc9d5fe000 	C:\WINDOWS\System32\IMM32.DLL
0x00007ffc52570000 - 0x00007ffc5265f000 	C:\Program Files\Java\jdk-9\bin\msvcr120.dll
0x00007ffc86ed0000 - 0x00007ffc86f76000 	C:\Program Files\Java\jdk-9\bin\msvcp120.dll
0x000000005a940000 - 0x000000005b36a000 	C:\Program Files\Java\jdk-9\bin\server\jvm.dll
0x00007ffc9be10000 - 0x00007ffc9be18000 	C:\WINDOWS\System32\PSAPI.DLL
0x00007ffc86d40000 - 0x00007ffc86d49000 	C:\WINDOWS\SYSTEM32\WSOCK32.dll
0x00007ffc9d030000 - 0x00007ffc9d09f000 	C:\WINDOWS\System32\WS2_32.dll
0x00007ffc97120000 - 0x00007ffc97144000 	C:\WINDOWS\SYSTEM32\WINMM.dll
0x00007ffc970f0000 - 0x00007ffc9711d000 	C:\WINDOWS\SYSTEM32\winmmbase.dll
0x00007ffc9b760000 - 0x00007ffc9b7aa000 	C:\WINDOWS\System32\cfgmgr32.dll
0x00007ffc943b0000 - 0x00007ffc943bf000 	C:\Program Files\Java\jdk-9\bin\verify.dll
0x00007ffc8d7c0000 - 0x00007ffc8d7e7000 	C:\Program Files\Java\jdk-9\bin\java.dll
0x00007ffc83920000 - 0x00007ffc8394a000 	C:\Program Files\Java\jdk-9\bin\instrument.dll
0x00007ffc7a330000 - 0x00007ffc7a346000 	C:\Program Files\Java\jdk-9\bin\zip.dll
0x00007ffc8d7b0000 - 0x00007ffc8d7ba000 	C:\Program Files\Java\jdk-9\bin\jimage.dll
0x00007ffc9c4d0000 - 0x00007ffc9cbb2000 	C:\WINDOWS\System32\SHELL32.dll
0x00007ffc9d1d0000 - 0x00007ffc9d279000 	C:\WINDOWS\System32\shcore.dll
0x00007ffc9ab10000 - 0x00007ffc9b28c000 	C:\WINDOWS\System32\windows.storage.dll
0x00007ffc9aaf0000 - 0x00007ffc9ab0f000 	C:\WINDOWS\System32\profapi.dll
0x00007ffc9aa80000 - 0x00007ffc9aaca000 	C:\WINDOWS\System32\powrprof.dll
0x00007ffc9aa50000 - 0x00007ffc9aa60000 	C:\WINDOWS\System32\UMPDC.dll
0x00007ffc9be20000 - 0x00007ffc9be72000 	C:\WINDOWS\System32\shlwapi.dll
0x00007ffc9aa60000 - 0x00007ffc9aa71000 	C:\WINDOWS\System32\kernel.appcore.dll
0x00007ffc9b2c0000 - 0x00007ffc9b2d7000 	C:\WINDOWS\System32\cryptsp.dll
0x00007ffc698f0000 - 0x00007ffc6990a000 	C:\Program Files\Java\jdk-9\bin\net.dll
0x00007ffc8de40000 - 0x00007ffc8df30000 	C:\WINDOWS\SYSTEM32\WINHTTP.dll
0x00007ffc9a2c0000 - 0x00007ffc9a327000 	C:\WINDOWS\system32\mswsock.dll
0x00007ffc698d0000 - 0x00007ffc698e1000 	C:\Program Files\Java\jdk-9\bin\nio.dll
0x00007ffc676f0000 - 0x00007ffc6770a000 	D:\IntelliJ IDEA 2018.3.5\bin\breakgen64.dll
0x00007ffc85ec0000 - 0x00007ffc85fcd000 	C:\WINDOWS\SysWOW64\ierd_tgp_lsp64.dll
0x00007ffc9d290000 - 0x00007ffc9d3e6000 	C:\WINDOWS\System32\ole32.dll
0x00007ffc8cf50000 - 0x00007ffc8cf5a000 	C:\WINDOWS\system32\wshqos.dll
0x00007ffc8cf40000 - 0x00007ffc8cf48000 	C:\WINDOWS\SYSTEM32\wshtcpip.DLL
0x00007ffc8c8d0000 - 0x00007ffc8c8d8000 	C:\WINDOWS\SYSTEM32\wship6.dll
0x00007ffc9a010000 - 0x00007ffc9a0da000 	C:\WINDOWS\SYSTEM32\DNSAPI.dll
0x00007ffc9d1c0000 - 0x00007ffc9d1c8000 	C:\WINDOWS\System32\NSI.dll
0x00007ffc99fd0000 - 0x00007ffc9a00a000 	C:\WINDOWS\SYSTEM32\IPHLPAPI.DLL
0x00007ffc8dbd0000 - 0x00007ffc8dbda000 	C:\Windows\System32\rasadhlp.dll
0x00007ffc91620000 - 0x00007ffc91697000 	C:\WINDOWS\System32\fwpuclnt.dll
0x00007ffc9b290000 - 0x00007ffc9b2b6000 	C:\WINDOWS\System32\bcrypt.dll
0x00007ffc8d690000 - 0x00007ffc8d699000 	C:\Program Files\Java\jdk-9\bin\management.dll
0x00007ffc87da0000 - 0x00007ffc87daa000 	C:\Program Files\Java\jdk-9\bin\management_ext.dll
0x00007ffc99e30000 - 0x00007ffc99e63000 	C:\WINDOWS\system32\rsaenh.dll
0x00007ffc9a970000 - 0x00007ffc9a995000 	C:\WINDOWS\SYSTEM32\USERENV.dll
0x00007ffc9a490000 - 0x00007ffc9a49c000 	C:\WINDOWS\SYSTEM32\CRYPTBASE.dll
0x00007ffc953a0000 - 0x00007ffc953b6000 	C:\WINDOWS\SYSTEM32\dhcpcsvc6.DLL
0x00007ffc95050000 - 0x00007ffc9506c000 	C:\WINDOWS\SYSTEM32\dhcpcsvc.DLL
0x00007ffc79bb0000 - 0x00007ffc79bc6000 	C:\WINDOWS\system32\napinsp.dll
0x00007ffc79b00000 - 0x00007ffc79b1a000 	C:\WINDOWS\system32\pnrpnsp.dll
0x00007ffc7c560000 - 0x00007ffc7c56e000 	C:\WINDOWS\System32\winrnr.dll
0x00007ffc93790000 - 0x00007ffc937ac000 	C:\WINDOWS\system32\NLAapi.dll
0x00007ffc96060000 - 0x00007ffc96075000 	C:\WINDOWS\system32\wshbth.dll
0x00007ffc99330000 - 0x00007ffc99524000 	C:\WINDOWS\SYSTEM32\dbghelp.dll

VM Arguments:
jvm_args: -XX:TieredStopAtLevel=1 -Xverify:none -Dspring.output.ansi.enabled=always -Dcom.sun.management.jmxremote -Dspring.liveBeansView.mbeanDomain -Dspring.application.admin.enabled=true -javaagent:D:\IntelliJ IDEA 2018.3.5\lib\idea_rt.jar=36771:D:\IntelliJ IDEA 2018.3.5\bin -Dfile.encoding=UTF-8 
java_command: com.gz.springboot.demoquickstart.app
java_class_path (initial): C:\Users\zhy\Desktop\soringbootÊµÀý\demo-quick-start\target\classes;D:\reposi\org\springframework\boot\spring-boot-starter-web\2.1.6.RELEASE\spring-boot-starter-web-2.1.6.RELEASE.jar;D:\reposi\org\springframework\boot\spring-boot-starter\2.1.6.RELEASE\spring-boot-starter-2.1.6.RELEASE.jar;D:\reposi\org\springframework\boot\spring-boot\2.1.6.RELEASE\spring-boot-2.1.6.RELEASE.jar;D:\reposi\org\springframework\boot\spring-boot-autoconfigure\2.1.6.RELEASE\spring-boot-autoconfigure-2.1.6.RELEASE.jar;D:\reposi\org\springframework\boot\spring-boot-starter-logging\2.1.6.RELEASE\spring-boot-starter-logging-2.1.6.RELEASE.jar;D:\reposi\ch\qos\logback\logback-classic\1.2.3\logback-classic-1.2.3.jar;D:\reposi\ch\qos\logback\logback-core\1.2.3\logback-core-1.2.3.jar;D:\reposi\org\apache\logging\log4j\log4j-to-slf4j\2.11.2\log4j-to-slf4j-2.11.2.jar;D:\reposi\org\apache\logging\log4j\log4j-api\2.11.2\log4j-api-2.11.2.jar;D:\reposi\org\slf4j\jul-to-slf4j\1.7.26\jul-to-slf4j-1.7.26.jar;D:\reposi\javax\annotation\javax.annotation-api\1.3.2\javax.annotation-api-1.3.2.jar;D:\reposi\org\yaml\snakeyaml\1.23\snakeyaml-1.23.jar;D:\reposi\org\springframework\boot\spring-boot-starter-json\2.1.6.RELEASE\spring-boot-starter-json-2.1.6.RELEASE.jar;D:\reposi\com\fasterxml\jackson\core\jackson-databind\2.9.9\jackson-databind-2.9.9.jar;D:\reposi\com\fasterxml\jackson\core\jackson-annotations\2.9.0\jackson-annotations-2.9.0.jar;D:\reposi\com\fasterxml\jackson\core\jackson-core\2.9.9\jackson-core-2.9.9.jar;D:\reposi\com\fasterxml\jackson\datatype\jackson-datatype-jdk8\2.9.9\jackson-datatype-jdk8-2.9.9.jar;D:\reposi\com\fasterxml\jackson\datatype\jackson-datatype-jsr310\2.9.9\jackson-datatype-jsr310-2.9.9.jar;D:\reposi\com\fasterxml\jackson\module\jackson-module-parameter-names\2.9.9\jackson-module-parameter-names-2.9.9.jar;D:\reposi\org\springframework\boot\spring-boot-starter-tomcat\2.1.6.RELEASE\spring-boot-starter-tomcat-2.1.6.RELEASE.jar;D:\reposi\org\apache\tomcat\em
Launcher Type: SUN_STANDARD

Logging:
Log output configuration:
#0: stdout all=warning uptime,level,tags
#1: stderr all=off uptime,level,tags

Environment Variables:
JAVA_HOME=C:\Program Files\Java\jdk1.8.0_151
CLASSPATH=%JAVA_HOME%\lib\dt.jar;%JAVA_HOME%\lib\tools.jar£»D:\tommcat\Tomcat 7.0\lib\servlet-api.jar;
PATH=C:\Program Files\Java\jdk1.8.0_151\bin;C:\Program Files (x86)\Intel\iCLS Client\;C:\Program Files\Intel\iCLS Client\;C:\windows\system32;C:\windows;C:\windows\System32\Wbem;C:\windows\System32\WindowsPowerShell\v1.0\;C:\Program Files (x86)\Intel\Intel(R) Management Engine Components\DAL;C:\Program Files\Intel\Intel(R) Management Engine Components\DAL;C:\Program Files (x86)\Intel\Intel(R) Management Engine Components\IPT;C:\Program Files\Intel\Intel(R) Management Engine Components\IPT;C:\Program Files (x86)\NVIDIA Corporation\PhysX\Common;C:\Program Files\Microsoft\Web Platform Installer\;C:\Program Files (x86)\Microsoft ASP.NET\ASP.NET Web Pages\v1.0\;C:\Program Files\Microsoft SQL Server\110\Tools\Binn\;C:\WINDOWS\system32;C:\WINDOWS;C:\WINDOWS\System32\Wbem;C:\WINDOWS\System32\WindowsPowerShell\v1.0\;C:\Program Files\Microsoft SQL Server\130\Tools\Binn\;C:\WINDOWS\system32\config\systemprofile\.dnx\bin;C:\Program Files\Microsoft DNX\Dnvm\;C:\Program Files (x86)\Windows Kits\10\Windows Performance Toolkit\;C:\WINDOWS\System32\OpenSSH\;D:\Microsoft VS Code\bin;C:\Program Files (x86)\Rational\common;"D:\tommcat\Tomcat 7.0\bin;";D:\tommcat\Tomcat 7.0\lib;C:\MySQLDB\mysql\bin;C:\Program Files\Intel\WiFi\bin\;C:\Program Files\Common Files\Intel\WirelessCommon\;F:\node.js\;F:\yarn\bin\;D:\Git\cmd;C:\Users\zhy\AppData\Local\Microsoft\WindowsApps;C:\Program Files\Intel\WiFi\bin\;C:\Program Files\Common Files\Intel\WirelessCommon\;C:\Users\zhy\AppData\Roaming\npm;C:\Users\zhy\AppData\Local\Yarn\bin;C:\Users\zhy\AppData\Local\Programs\Microsoft VS Code\bin;
USERNAME=zhy
OS=Windows_NT
PROCESSOR_IDENTIFIER=Intel64 Family 6 Model 94 Stepping 3, GenuineIntel



---------------  S Y S T E M  ---------------

OS: Windows 10 , 64 bit Build 18362 (10.0.18362.86)

CPU:total 4 (initial active 4) (4 cores per cpu, 1 threads per core) family 6 model 94 stepping 3, cmov, cx8, fxsr, mmx, sse, sse2, sse3, ssse3, sse4.1, sse4.2, popcnt, avx, avx2, aes, clmul, erms, rtm, 3dnowpref, lzcnt, tsc, tscinvbit, bmi1, bmi2, adx, fma

Memory: 4k page, physical 12470176k(3571764k free), swap 24212528k(4487124k free)

vm_info: Java HotSpot(TM) 64-Bit Server VM (9+181) for windows-amd64 JRE (9+181), built on Aug  2 2017 21:30:51 by "javare" with MS VC++ 12.0 (VS2013)

END.
